生成启动时间为 2016/1/13 11:18:06。
     1>项目“H:\秦粉\cal\calculator\calculator.vcxproj”在节点 2 上(build 个目标)。
     1>InitializeBuildStatus:
         正在创建“Debug\calculator.unsuccessfulbuild”，因为已指定“AlwaysCreate”。
       ClCompile:
         d:\VS2010\VC\bin\CL.exe /c /ZI /nologo /W3 /WX- /Od /Oy- /D WIN32 /D _WINDOWS /D _DEBUG /D _UNICODE /D UNICODE /D _AFXDLL /Gm /EHsc /RTC1 /MDd /GS /fp:precise /Zc:wchar_t /Zc:forScope /Yc"StdAfx.h" /Fp"Debug\calculator.pch" /Fo"Debug\\" /Fd"Debug\vc100.pdb" /Gd /TP /analyze- /errorReport:prompt stdafx.cpp
         stdafx.cpp
         d:\VS2010\VC\bin\CL.exe /c /ZI /nologo /W3 /WX- /Od /Oy- /D WIN32 /D _WINDOWS /D _DEBUG /D _UNICODE /D UNICODE /D _AFXDLL /Gm /EHsc /RTC1 /MDd /GS /fp:precise /Zc:wchar_t /Zc:forScope /Yu"StdAfx.h" /Fp"Debug\calculator.pch" /Fo"Debug\\" /Fd"Debug\vc100.pdb" /Gd /TP /analyze- /errorReport:prompt calculator.cpp calculatorDlg.cpp
         calculatorDlg.cpp
     1>h:\秦粉\cal\calculator\calculatordlg.cpp(546): warning C4244: “=”: 从“double”转换到“int”，可能丢失数据
     1>h:\秦粉\cal\calculator\calculatordlg.cpp(547): warning C4244: “=”: 从“double”转换到“int”，可能丢失数据
     1>h:\秦粉\cal\calculator\calculatordlg.cpp(554): warning C4244: “=”: 从“double”转换到“int”，可能丢失数据
     1>h:\秦粉\cal\calculator\calculatordlg.cpp(555): warning C4244: “=”: 从“double”转换到“int”，可能丢失数据
     1>h:\秦粉\cal\calculator\calculatordlg.cpp(562): warning C4244: “=”: 从“double”转换到“int”，可能丢失数据
     1>h:\秦粉\cal\calculator\calculatordlg.cpp(563): warning C4244: “=”: 从“double”转换到“int”，可能丢失数据
     1>h:\秦粉\cal\calculator\calculatordlg.cpp(532): warning C4101: “oldpen”: 未引用的局部变量
         calculator.cpp
         正在生成代码...
       ResourceCompile:
         C:\Program Files (x86)\Microsoft SDKs\Windows\v7.0A\bin\rc.exe /D _DEBUG /D _UNICODE /D UNICODE /D _AFXDLL /l"0x0804" /IDebug\ /nologo /fo"Debug\calculator.res" calculator.rc 
       ManifestResourceCompile:
         C:\Program Files (x86)\Microsoft SDKs\Windows\v7.0A\bin\rc.exe /nologo /fo"Debug\calculator.exe.embed.manifest.res" Debug\calculator_manifest.rc 
       Link:
         d:\VS2010\VC\bin\link.exe /ERRORREPORT:PROMPT /OUT:"H:\秦粉\cal\Debug\calculator.exe" /INCREMENTAL /NOLOGO /MANIFEST /ManifestFile:"Debug\calculator.exe.intermediate.manifest" /MANIFESTUAC:"level='asInvoker' uiAccess='false'" /DEBUG /PDB:"H:\秦粉\cal\Debug\calculator.pdb" /SUBSYSTEM:WINDOWS /TLBID:1 /ENTRY:"wWinMainCRTStartup" /DYNAMICBASE /NXCOMPAT /IMPLIB:"H:\秦粉\cal\Debug\calculator.lib" /MACHINE:X86 Debug\calculator.res
         Debug\calculator.exe.embed.manifest.res
         Debug\calculator.obj
         Debug\calculatorDlg.obj
         Debug\stdafx.obj
         LINK : 没有找到 H:\秦粉\cal\Debug\calculator.exe 或上一个增量链接没有生成它；正在执行完全链接
       Manifest:
         C:\Program Files (x86)\Microsoft SDKs\Windows\v7.0A\bin\mt.exe /nologo /verbose /out:"Debug\calculator.exe.embed.manifest" /manifest Debug\calculator.exe.intermediate.manifest d:\VS2010\VC\Include\Manifest\dpiaware.manifest
         所有输出均为最新。
       LinkEmbedManifest:
         所有输出均为最新。
         calculator.vcxproj -> H:\秦粉\cal\Debug\calculator.exe
       FinalizeBuildStatus:
         正在删除文件“Debug\calculator.unsuccessfulbuild”。
         正在对“Debug\calculator.lastbuildstate”执行 Touch 任务。
     1>已完成生成项目“H:\秦粉\cal\calculator\calculator.vcxproj”(build 个目标)的操作。

生成成功。

已用时间 00:01:34.08
